{
  "0 debug pnpm:scope": {
    "selected": 1,
    "workspacePrefix": "/Users/scotttolinski/Sites/Level-Up-Tutorials/packages/g-query"
  },
  "1 error pnpm": {
    "code": "ELIFECYCLE",
    "errno": "ENOENT",
    "syscall": "spawn",
    "file": "sh",
    "pkgid": "@leveluptuts/g-query-codegen@1.0.0",
    "stage": "build",
    "script": "tsc",
    "pkgname": "@leveluptuts/g-query-codegen",
    "err": {
      "name": "pnpm",
      "message": "@leveluptuts/g-query-codegen@1.0.0 build: `tsc`\nspawn ENOENT",
      "code": "ELIFECYCLE",
      "stack": "pnpm: @leveluptuts/g-query-codegen@1.0.0 build: `tsc`\nspawn ENOENT\n    at ChildProcess.<anonymous> (/Users/scotttolinski/.nvm/versions/node/v17.0.1/pnpm-global/5/node_modules/.pnpm/pnpm@6.26.0/node_modules/pnpm/dist/pnpm.cjs:91956:22)\n    at ChildProcess.emit (node:events:390:28)\n    at maybeClose (node:internal/child_process:1062:16)\n    at Process.ChildProcess._handle.onexit (node:internal/child_process:301:5)"
    }
  },
  "2 warn pnpm:global": " Local package.json exists, but node_modules missing, did you mean to install?"
}